Currently elevator status is : UP.
Current level is at: 1.
up stop list looks like: [true, false, false, false, false, false, false, false, false, false].
down stop list looks like:  [false, false, false, false, false, false, false, false, false, false].
*****************************************

Currently elevator status is : UP.
Current level is at: 1.
up stop list looks like: [true, false, false, false, true, false, false, false, false, false].
down stop list looks like:  [false, false, false, false, false, false, false, false, false, false].
*****************************************

Currently elevator status is : UP.
Current level is at: 1.
up stop list looks like: [true, false, false, false, true, false, false, false, false, false].
down stop list looks like:  [false, false, false, true, false, false, false, false, false, false].
*****************************************

Currently elevator status is : UP.
Current level is at: 1.
up stop list looks like: [true, false, false, false, true, false, false, false, false, false].
down stop list looks like:  [false, false, false, true, false, false, true, false, false, false].
*****************************************

Currently elevator status is : UP.
Current level is at: 1.
up stop list looks like: [true, false, false, false, true, false, false, false, false, false].
down stop list looks like:  [false, false, false, true, false, false, true, false, false, false].
*****************************************

Currently elevator status is : UP.
Current level is at: 1.
up stop list looks like: [true, false, false, false, true, false, false, false, false, false].
down stop list looks like:  [false, false, false, true, false, false, true, false, false, false].
*****************************************

Currently elevator status is : UP.
Current level is at: 1.
up stop list looks like: [true, false, false, false, true, false, false, false, false, false].
down stop list looks like:  [false, false, false, true, false, false, true, false, false, false].
*****************************************

Currently elevator status is : UP.
Current level is at: 1.
up stop list looks like: [true, false, false, false, true, false, false, false, false, false].
down stop list looks like:  [false, false, false, true, false, false, true, false, false, false].
*****************************************

Currently elevator status is : UP.
Current level is at: 1.
up stop list looks like: [false, false, false, false, true, false, false, false, false, false].
down stop list looks like:  [false, false, false, true, false, false, true, false, false, false].
*****************************************

Currently elevator status is : UP.
Current level is at: 1.
up stop list looks like: [false, false, false, false, true, false, false, false, false, false].
down stop list looks like:  [false, false, false, true, false, false, true, false, false, false].
*****************************************

Currently elevator status is : UP.
Current level is at: 5.
up stop list looks like: [false, false, false, false, false, false, false, false, false, false].
down stop list looks like:  [false, false, false, true, false, false, true, false, false, false].
*****************************************

Currently elevator status is : DOWN.
Current level is at: 5.
up stop list looks like: [false, false, false, false, false, false, false, false, false, false].
down stop list looks like:  [false, false, false, true, false, false, true, false, false, false].
*****************************************

Currently elevator status is : DOWN.
Current level is at: 4.
up stop list looks like: [false, false, false, false, false, false, false, false, false, false].
down stop list looks like:  [false, false, false, false, false, false, true, false, false, false].
*****************************************

Currently elevator status is : DOWN.
Current level is at: 4.
up stop list looks like: [false, false, false, false, false, false, false, false, false, false].
down stop list looks like:  [false, false, false, false, false, false, true, false, false, false].
*****************************************

Currently elevator status is : DOWN.
Current level is at: 7.
up stop list looks like: [false, false, false, false, false, false, false, false, false, false].
down stop list looks like:  [false, false, false, false, false, false, false, false, false, false].
*****************************************

Currently elevator status is : IDLE.
Current level is at: 7.
up stop list looks like: [false, false, false, false, false, false, false, false, false, false].
down stop list looks like:  [false, false, false, false, false, false, false, false, false, false].
*****************************************

Currently elevator status is : IDLE.
Current level is at: 7.
up stop list looks like: [false, false, false, false, false, false, false, false, false, false].
down stop list looks like:  [false, false, false, false, false, false, false, false, false, false].
*****************************************

Currently elevator status is : UP.
Current level is at: 7.
up stop list looks like: [false, false, false, false, false, false, false, false, false, false].
down stop list looks like:  [false, false, false, false, false, false, false, false, false, false].
*****************************************

Currently elevator status is : UP.
Current level is at: 7.
up stop list looks like: [false, false, false, false, false, false, false, false, false, false].
down stop list looks like:  [false, false, false, false, false, false, false, false, false, false].
*****************************************

Currently elevator status is : IDLE.
Current level is at: 7.
up stop list looks like: [false, false, false, false, false, false, false, false, false, false].
down stop list looks like:  [false, false, false, false, false, false, false, false, false, false].
*****************************************

Currently elevator status is : IDLE.
Current level is at: 7.
up stop list looks like: [false, false, false, false, false, false, false, false, false, false].
down stop list looks like:  [false, false, false, false, false, false, false, false, false, false].
*****************************************

Currently elevator status is : UP.
Current level is at: 7.
up stop list looks like: [false, false, false, false, false, false, false, false, false, false].
down stop list looks like:  [false, false, false, false, false, false, false, false, false, false].
*****************************************

Currently elevator status is : UP.
Current level is at: 7.
up stop list looks like: [false, false, false, false, false, false, false, false, false, false].
down stop list looks like:  [false, false, false, false, false, false, false, false, false, false].
*****************************************

Currently elevator status is : IDLE.
Current level is at: 7.
up stop list looks like: [false, false, false, false, false, false, false, false, false, false].
down stop list looks like:  [false, false, false, false, false, false, false, false, false, false].
*****************************************

