--- /Users/jianershi/src/lintcode/708.1.out Thu Jul  9 13:06:33 2020
+++ /Users/jianershi/src/lintcode/708.out   Thu Jul  9 13:23:43 2020
@@ -100,13 +100,7 @@
 down stop list looks like:  [false, false, false, false, false, false, false, false, false, false].
 *****************************************
 
-Currently elevator status is : UP.
-Current level is at: 7.
-up stop list looks like: [false, false, false, false, false, false, false, false, false, false].
-down stop list looks like:  [false, false, false, false, false, false, false, false, false, false].
-*****************************************
-
-Currently elevator status is : UP.
+Currently elevator status is : IDLE.
 Current level is at: 7.
 up stop list looks like: [false, false, false, false, false, false, false, false, false, false].
 down stop list looks like:  [false, false, false, false, false, false, false, false, false, false].
@@ -124,13 +118,7 @@
 down stop list looks like:  [false, false, false, false, false, false, false, false, false, false].
 *****************************************
 
-Currently elevator status is : UP.
-Current level is at: 7.
-up stop list looks like: [false, false, false, false, false, false, false, false, false, false].
-down stop list looks like:  [false, false, false, false, false, false, false, false, false, false].
-*****************************************
-
-Currently elevator status is : UP.
+Currently elevator status is : IDLE.
 Current level is at: 7.
 up stop list looks like: [false, false, false, false, false, false, false, false, false, false].
 down stop list looks like:  [false, false, false, false, false, false, false, false, false, false].
@@ -142,3 +130,15 @@
 down stop list looks like:  [false, false, false, false, false, false, false, false, false, false].
 *****************************************
 
+Currently elevator status is : IDLE.
+Current level is at: 7.
+up stop list looks like: [false, false, false, false, false, false, false, false, false, false].
+down stop list looks like:  [false, false, false, false, false, false, false, false, false, false].
+*****************************************
+
+Currently elevator status is : IDLE.
+Current level is at: 7.
+up stop list looks like: [false, false, false, false, false, false, false, false, false, false].
+down stop list looks like:  [false, false, false, false, false, false, false, false, false, false].
+*****************************************
+
